# JRE version: Java(TM) SE Runtime Environment (8.0_111-b14) (build 1.8.0_111-b14)
# Java VM: Java HotSpot(TM) 64-Bit Server VM (25.111-b14 mixed mode bsd-amd64 compressed oops)
Heap:
 PSYoungGen      total 113664K, used 13894K [0x00000007aab00000, 0x00000007b5900000, 0x00000007c0000000)
  eden space 102912K, 10% used [0x00000007aab00000,0x00000007ab5ef9c0,0x00000007b0f80000)
  from space 10752K, 25% used [0x00000007b0f80000,0x00000007b1221fd0,0x00000007b1a00000)
  to   space 10752K, 0% used [0x00000007b4e80000,0x00000007b4e80000,0x00000007b5900000)
 ParOldGen       total 41472K, used 20374K [0x0000000780000000, 0x0000000782880000, 0x00000007aab00000)
  object space 41472K, 49% used [0x0000000780000000,0x00000007813e5ae8,0x0000000782880000)
 Metaspace       used 26426K, capacity 27620K, committed 27904K, reserved 1073152K
  class space    used 3509K, capacity 3749K, committed 3840K, reserved 1048576K
GC Heap History (10 events):
Event: 37.883 GC heap before
{Heap before GC invocations=10 (full 1):
 PSYoungGen      total 58368K, used 56195K [0x00000007aab00000, 0x00000007af000000, 0x00000007c0000000)
  eden space 50176K, 100% used [0x00000007aab00000,0x00000007adc00000,0x00000007adc00000)
  from space 8192K, 73% used [0x00000007ae800000,0x00000007aede0f00,0x00000007af000000)
  to   space 10240K, 0% used [0x00000007adc00000,0x00000007adc00000,0x00000007ae600000)
 ParOldGen       total 41472K, used 15430K [0x0000000780000000, 0x0000000782880000, 0x00000007aab00000)
  object space 41472K, 37% used [0x0000000780000000,0x0000000780f11960,0x0000000782880000)
 Metaspace       used 24370K, capacity 25400K, committed 25472K, reserved 1071104K
  class space    used 3222K, capacity 3427K, committed 3456K, reserved 1048576K
Event: 37.890 GC heap after
Heap after GC invocations=10 (full 1):
 PSYoungGen      total 60416K, used 994K [0x00000007aab00000, 0x00000007b0400000, 0x00000007c0000000)
  eden space 50176K, 0% used [0x00000007aab00000,0x00000007aab00000,0x00000007adc00000)
  from space 10240K, 9% used [0x00000007adc00000,0x00000007adcf8818,0x00000007ae600000)
  to   space 10752K, 0% used [0x00000007af980000,0x00000007af980000,0x00000007b0400000)
 ParOldGen       total 41472K, used 19303K [0x0000000780000000, 0x0000000782880000, 0x00000007aab00000)
  object space 41472K, 46% used [0x0000000780000000,0x00000007812d9e38,0x0000000782880000)
 Metaspace       used 24370K, capacity 25400K, committed 25472K, reserved 1071104K
  class space    used 3222K, capacity 3427K, committed 3456K, reserved 1048576K
}
Event: 38.637 GC heap before
{Heap before GC invocations=11 (full 1):
 PSYoungGen      total 60416K, used 51116K [0x00000007aab00000, 0x00000007b0400000, 0x00000007c0000000)
  eden space 50176K, 99% used [0x00000007aab00000,0x00000007adbf29a0,0x00000007adc00000)
  from space 10240K, 9% used [0x00000007adc00000,0x00000007adcf8818,0x00000007ae600000)
  to   space 10752K, 0% used [0x00000007af980000,0x00000007af980000,0x00000007b0400000)
 ParOldGen       total 41472K, used 19303K [0x0000000780000000, 0x0000000782880000, 0x00000007aab00000)
  object space 41472K, 46% used [0x0000000780000000,0x00000007812d9e38,0x0000000782880000)
 Metaspace       used 25424K, capacity 26544K, committed 26752K, reserved 1073152K
  class space    used 3401K, capacity 3643K, committed 3712K, reserved 1048576K
Event: 38.642 GC heap after
Heap after GC invocations=11 (full 1):
 PSYoungGen      total 79360K, used 748K [0x00000007aab00000, 0x00000007b0380000, 0x00000007c0000000)
  eden space 69120K, 0% used [0x00000007aab00000,0x00000007aab00000,0x00000007aee80000)
  from space 10240K, 7% used [0x00000007af980000,0x00000007afa3b340,0x00000007b0380000)
  to   space 10752K, 0% used [0x00000007aee80000,0x00000007aee80000,0x00000007af900000)
 ParOldGen       total 41472K, used 19646K [0x0000000780000000, 0x0000000782880000, 0x00000007aab00000)
  object space 41472K, 47% used [0x0000000780000000,0x000000078132fad0,0x0000000782880000)
 Metaspace       used 25424K, capacity 26544K, committed 26752K, reserved 1073152K
  class space    used 3401K, capacity 3643K, committed 3712K, reserved 1048576K
}
Event: 38.672 GC heap before
{Heap before GC invocations=12 (full 1):
 PSYoungGen      total 79360K, used 69815K [0x00000007aab00000, 0x00000007b0380000, 0x00000007c0000000)
  eden space 69120K, 99% used [0x00000007aab00000,0x00000007aee72c48,0x00000007aee80000)
  from space 10240K, 7% used [0x00000007af980000,0x00000007afa3b340,0x00000007b0380000)
  to   space 10752K, 0% used [0x00000007aee80000,0x00000007aee80000,0x00000007af900000)
 ParOldGen       total 41472K, used 19646K [0x0000000780000000, 0x0000000782880000, 0x00000007aab00000)
  object space 41472K, 47% used [0x0000000780000000,0x000000078132fad0,0x0000000782880000)
 Metaspace       used 25429K, capacity 26544K, committed 26752K, reserved 1073152K
  class space    used 3402K, capacity 3643K, committed 3712K, reserved 1048576K
Event: 38.674 GC heap after
Heap after GC invocations=12 (full 1):
 PSYoungGen      total 79872K, used 254K [0x00000007aab00000, 0x00000007b2480000, 0x00000007c0000000)
  eden space 69120K, 0% used [0x00000007aab00000,0x00000007aab00000,0x00000007aee80000)
  from space 10752K, 2% used [0x00000007aee80000,0x00000007aeebfbb8,0x00000007af900000)
  to   space 10752K, 0% used [0x00000007b1a00000,0x00000007b1a00000,0x00000007b2480000)
 ParOldGen       total 41472K, used 20350K [0x0000000780000000, 0x0000000782880000, 0x00000007aab00000)
  object space 41472K, 49% used [0x0000000780000000,0x00000007813dfae8,0x0000000782880000)
 Metaspace       used 25429K, capacity 26544K, committed 26752K, reserved 1073152K
  class space    used 3402K, capacity 3643K, committed 3712K, reserved 1048576K
}
Event: 38.691 GC heap before
{Heap before GC invocations=13 (full 1):
 PSYoungGen      total 79872K, used 69222K [0x00000007aab00000, 0x00000007b2480000, 0x00000007c0000000)
  eden space 69120K, 99% used [0x00000007aab00000,0x00000007aee59f88,0x00000007aee80000)
  from space 10752K, 2% used [0x00000007aee80000,0x00000007aeebfbb8,0x00000007af900000)
  to   space 10752K, 0% used [0x00000007b1a00000,0x00000007b1a00000,0x00000007b2480000)
 ParOldGen       total 41472K, used 20350K [0x0000000780000000, 0x0000000782880000, 0x00000007aab00000)
  object space 41472K, 49% used [0x0000000780000000,0x00000007813dfae8,0x0000000782880000)
 Metaspace       used 25429K, capacity 26544K, committed 26752K, reserved 1073152K
  class space    used 3402K, capacity 3643K, committed 3712K, reserved 1048576K
Event: 38.693 GC heap after
Heap after GC invocations=13 (full 1):
 PSYoungGen      total 113664K, used 321K [0x00000007aab00000, 0x00000007b2780000, 0x00000007c0000000)
  eden space 102912K, 0% used [0x00000007aab00000,0x00000007aab00000,0x00000007b0f80000)
  from space 10752K, 2% used [0x00000007b1a00000,0x00000007b1a504e0,0x00000007b2480000)
  to   space 10752K, 0% used [0x00000007b0f80000,0x00000007b0f80000,0x00000007b1a00000)
 ParOldGen       total 41472K, used 20366K [0x0000000780000000, 0x0000000782880000, 0x00000007aab00000)
  object space 41472K, 49% used [0x0000000780000000,0x00000007813e3ae8,0x0000000782880000)
 Metaspace       used 25429K, capacity 26544K, committed 26752K, reserved 1073152K
  class space    used 3402K, capacity 3643K, committed 3712K, reserved 1048576K
}
Event: 39.331 GC heap before
{Heap before GC invocations=14 (full 1):
 PSYoungGen      total 113664K, used 103233K [0x00000007aab00000, 0x00000007b2780000, 0x00000007c0000000)
  eden space 102912K, 100% used [0x00000007aab00000,0x00000007b0f80000,0x00000007b0f80000)
  from space 10752K, 2% used [0x00000007b1a00000,0x00000007b1a504e0,0x00000007b2480000)
  to   space 10752K, 0% used [0x00000007b0f80000,0x00000007b0f80000,0x00000007b1a00000)
 ParOldGen       total 41472K, used 20366K [0x0000000780000000, 0x0000000782880000, 0x00000007aab00000)
  object space 41472K, 49% used [0x0000000780000000,0x00000007813e3ae8,0x0000000782880000)
 Metaspace       used 26096K, capacity 27282K, committed 27648K, reserved 1073152K
  class space    used 3466K, capacity 3726K, committed 3840K, reserved 1048576K
Event: 39.336 GC heap after
Heap after GC invocations=14 (full 1):
 PSYoungGen      total 113664K, used 2695K [0x00000007aab00000, 0x00000007b5900000, 0x00000007c0000000)
  eden space 102912K, 0% used [0x00000007aab00000,0x00000007aab00000,0x00000007b0f80000)
  from space 10752K, 25% used [0x00000007b0f80000,0x00000007b1221fd0,0x00000007b1a00000)
  to   space 10752K, 0% used [0x00000007b4e80000,0x00000007b4e80000,0x00000007b5900000)
 ParOldGen       total 41472K, used 20374K [0x0000000780000000, 0x0000000782880000, 0x00000007aab00000)
  object space 41472K, 49% used [0x0000000780000000,0x00000007813e5ae8,0x0000000782880000)
 Metaspace       used 26096K, capacity 27282K, committed 27648K, reserved 1073152K
  class space    used 3466K, capacity 3726K, committed 3840K, reserved 1048576K
}

